2020-06-03 14:36:22.089 [main] DEBUG com.wwb.o2o.dao.ShopDao.insertShop - ==>  Preparing: INSERT INTO tb_shop(owner_id, area_id, shop_category_id, shop_name, shop_desc, shop_addr, phone, shop_img, priority, create_time, last_edit_time, enable_status, advice) VALUES (?,?,?,?, ?,?,?,?,?, ?,?, ?,?) 
2020-06-03 14:36:22.200 [main] DEBUG com.wwb.o2o.dao.ShopDao.insertShop - ==> Parameters: 1(Long), 2(Integer), 1(Long), 测试的店铺1(String), test1(String), test1(String), test1(String), null, null, 2020-06-03 14:36:22.011(Timestamp), 2020-06-03 14:36:22.011(Timestamp), 0(Integer), 审核中(String)
2020-06-03 14:42:56.956 [main] DEBUG com.wwb.o2o.dao.ShopDao.insertShop - ==>  Preparing: INSERT INTO tb_shop(owner_id, area_id, shop_category_id, shop_name, shop_desc, shop_addr, phone, shop_img, priority, create_time, last_edit_time, enable_status, advice) VALUES (?,?,?,?, ?,?,?,?,?, ?,?, ?,?) 
2020-06-03 14:42:57.006 [main] DEBUG com.wwb.o2o.dao.ShopDao.insertShop - ==> Parameters: 11(Long), 2(Integer), 1(Long), 测试的店铺1(String), test1(String), test1(String), test1(String), null, null, 2020-06-03 14:42:56.923(Timestamp), 2020-06-03 14:42:56.923(Timestamp), 0(Integer), 审核中(String)
2020-06-03 14:44:19.623 [main] DEBUG com.wwb.o2o.dao.ShopDao.insertShop - ==>  Preparing: INSERT INTO tb_shop(owner_id, area_id, shop_category_id, shop_name, shop_desc, shop_addr, phone, shop_img, priority, create_time, last_edit_time, enable_status, advice) VALUES (?,?,?,?, ?,?,?,?,?, ?,?, ?,?) 
2020-06-03 14:44:19.665 [main] DEBUG com.wwb.o2o.dao.ShopDao.insertShop - ==> Parameters: 11(Long), 2(Integer), 36(Long), 测试的店铺1(String), test1(String), test1(String), test1(String), null, null, 2020-06-03 14:44:19.589(Timestamp), 2020-06-03 14:44:19.589(Timestamp), 0(Integer), 审核中(String)
2020-06-03 14:44:19.690 [main] DEBUG com.wwb.o2o.dao.ShopDao.insertShop - <==    Updates: 1
2020-06-03 15:09:45.474 [main] DEBUG com.wwb.o2o.dao.ShopDao.insertShop - ==>  Preparing: INSERT INTO tb_shop(owner_id, area_id, shop_category_id, shop_name, shop_desc, shop_addr, phone, shop_img, priority, create_time, last_edit_time, enable_status, advice) VALUES (?,?,?,?, ?,?,?,?,?, ?,?, ?,?) 
2020-06-03 15:09:45.524 [main] DEBUG com.wwb.o2o.dao.ShopDao.insertShop - ==> Parameters: 11(Long), 2(Integer), 36(Long), 测试的店铺1(String), test1(String), test1(String), test1(String), null, null, 2020-06-03 15:09:45.443(Timestamp), 2020-06-03 15:09:45.443(Timestamp), 0(Integer), 审核中(String)
2020-06-03 15:09:45.548 [main] DEBUG com.wwb.o2o.dao.ShopDao.insertShop - <==    Updates: 1
2020-06-03 15:17:51.537 [main] DEBUG com.wwb.o2o.dao.ShopDao.insertShop - ==>  Preparing: INSERT INTO tb_shop(owner_id, area_id, shop_category_id, shop_name, shop_desc, shop_addr, phone, shop_img, priority, create_time, last_edit_time, enable_status, advice) VALUES (?,?,?,?, ?,?,?,?,?, ?,?, ?,?) 
2020-06-03 15:17:51.579 [main] DEBUG com.wwb.o2o.dao.ShopDao.insertShop - ==> Parameters: 11(Long), 2(Integer), 36(Long), 测试的店铺1(String), test1(String), test1(String), test1(String), null, null, 2020-06-03 15:17:51.501(Timestamp), 2020-06-03 15:17:51.501(Timestamp), 0(Integer), 审核中(String)
2020-06-03 15:17:51.596 [main] DEBUG com.wwb.o2o.dao.ShopDao.insertShop - <==    Updates: 1
2020-06-03 15:25:56.912 [main] DEBUG com.wwb.o2o.dao.ShopDao.insertShop - ==>  Preparing: INSERT INTO tb_shop(owner_id, area_id, shop_category_id, shop_name, shop_desc, shop_addr, phone, shop_img, priority, create_time, last_edit_time, enable_status, advice) VALUES (?,?,?,?, ?,?,?,?,?, ?,?, ?,?) 
2020-06-03 15:25:56.991 [main] DEBUG com.wwb.o2o.dao.ShopDao.insertShop - ==> Parameters: 11(Long), 2(Integer), 36(Long), 测试的店铺1(String), test1(String), test1(String), test1(String), null, null, 2020-06-03 15:25:56.88(Timestamp), 2020-06-03 15:25:56.88(Timestamp), 0(Integer), 审核中(String)
2020-06-03 15:25:57.000 [main] DEBUG com.wwb.o2o.dao.ShopDao.insertShop - <==    Updates: 1
2020-06-03 15:26:51.475 [main] DEBUG com.wwb.o2o.dao.ShopDao.insertShop - ==>  Preparing: INSERT INTO tb_shop(owner_id, area_id, shop_category_id, shop_name, shop_desc, shop_addr, phone, shop_img, priority, create_time, last_edit_time, enable_status, advice) VALUES (?,?,?,?, ?,?,?,?,?, ?,?, ?,?) 
2020-06-03 15:26:51.523 [main] DEBUG com.wwb.o2o.dao.ShopDao.insertShop - ==> Parameters: 11(Long), 2(Integer), 36(Long), 测试的店铺1(String), test1(String), test1(String), test1(String), null, null, 2020-06-03 15:26:51.413(Timestamp), 2020-06-03 15:26:51.413(Timestamp), 0(Integer), 审核中(String)
2020-06-03 15:26:51.549 [main] DEBUG com.wwb.o2o.dao.ShopDao.insertShop - <==    Updates: 1
2020-06-03 15:29:24.346 [main] DEBUG com.wwb.o2o.dao.ShopDao.insertShop - ==>  Preparing: INSERT INTO tb_shop(owner_id, area_id, shop_category_id, shop_name, shop_desc, shop_addr, phone, shop_img, priority, create_time, last_edit_time, enable_status, advice) VALUES (?,?,?,?, ?,?,?,?,?, ?,?, ?,?) 
2020-06-03 15:29:24.392 [main] DEBUG com.wwb.o2o.dao.ShopDao.insertShop - ==> Parameters: 11(Long), 2(Integer), 36(Long), 测试的店铺1(String), test1(String), test1(String), test1(String), null, null, 2020-06-03 15:29:24.314(Timestamp), 2020-06-03 15:29:24.314(Timestamp), 0(Integer), 审核中(String)
2020-06-03 15:29:24.395 [main] DEBUG com.wwb.o2o.dao.ShopDao.insertShop - <==    Updates: 1
2020-06-03 15:31:13.944 [main] DEBUG com.wwb.o2o.dao.ShopDao.insertShop - ==>  Preparing: INSERT INTO tb_shop(owner_id, area_id, shop_category_id, shop_name, shop_desc, shop_addr, phone, shop_img, priority, create_time, last_edit_time, enable_status, advice) VALUES (?,?,?,?, ?,?,?,?,?, ?,?, ?,?) 
2020-06-03 15:31:14.017 [main] DEBUG com.wwb.o2o.dao.ShopDao.insertShop - ==> Parameters: 11(Long), 2(Integer), 36(Long), 测试的店铺1(String), test1(String), test1(String), test1(String), null, null, 2020-06-03 15:31:13.905(Timestamp), 2020-06-03 15:31:13.905(Timestamp), 0(Integer), 审核中(String)
2020-06-03 15:31:14.126 [main] DEBUG com.wwb.o2o.dao.ShopDao.insertShop - <==    Updates: 1
2020-06-03 15:32:22.689 [main] DEBUG com.wwb.o2o.dao.ShopDao.insertShop - ==>  Preparing: INSERT INTO tb_shop(owner_id, area_id, shop_category_id, shop_name, shop_desc, shop_addr, phone, shop_img, priority, create_time, last_edit_time, enable_status, advice) VALUES (?,?,?,?, ?,?,?,?,?, ?,?, ?,?) 
2020-06-03 15:32:22.731 [main] DEBUG com.wwb.o2o.dao.ShopDao.insertShop - ==> Parameters: 11(Long), 2(Integer), 36(Long), 测试的店铺1(String), test1(String), test1(String), test1(String), null, null, 2020-06-03 15:32:22.652(Timestamp), 2020-06-03 15:32:22.652(Timestamp), 0(Integer), 审核中(String)
2020-06-03 15:32:22.879 [main] DEBUG com.wwb.o2o.dao.ShopDao.insertShop - <==    Updates: 1
2020-06-03 15:33:45.780 [main] DEBUG com.wwb.o2o.dao.ShopDao.insertShop - ==>  Preparing: INSERT INTO tb_shop(owner_id, area_id, shop_category_id, shop_name, shop_desc, shop_addr, phone, shop_img, priority, create_time, last_edit_time, enable_status, advice) VALUES (?,?,?,?, ?,?,?,?,?, ?,?, ?,?) 
2020-06-03 15:33:45.823 [main] DEBUG com.wwb.o2o.dao.ShopDao.insertShop - ==> Parameters: 11(Long), 2(Integer), 36(Long), 测试的店铺1(String), test1(String), test1(String), test1(String), null, null, 2020-06-03 15:33:45.738(Timestamp), 2020-06-03 15:33:45.738(Timestamp), 0(Integer), 审核中(String)
2020-06-03 15:33:45.900 [main] DEBUG com.wwb.o2o.dao.ShopDao.insertShop - <==    Updates: 1
2020-06-03 15:38:11.824 [main] DEBUG com.wwb.o2o.dao.ShopDao.insertShop - ==>  Preparing: INSERT INTO tb_shop(owner_id, area_id, shop_category_id, shop_name, shop_desc, shop_addr, phone, shop_img, priority, create_time, last_edit_time, enable_status, advice) VALUES (?,?,?,?, ?,?,?,?,?, ?,?, ?,?) 
2020-06-03 15:38:11.870 [main] DEBUG com.wwb.o2o.dao.ShopDao.insertShop - ==> Parameters: 11(Long), 2(Integer), 36(Long), 测试的店铺1(String), test1(String), test1(String), test1(String), null, null, 2020-06-03 15:38:11.792(Timestamp), 2020-06-03 15:38:11.792(Timestamp), 0(Integer), 审核中(String)
2020-06-03 15:38:11.986 [main] DEBUG com.wwb.o2o.dao.ShopDao.insertShop - <==    Updates: 1
2020-06-03 15:44:02.870 [main] DEBUG com.wwb.o2o.dao.ShopDao.insertShop - ==>  Preparing: INSERT INTO tb_shop(owner_id, area_id, shop_category_id, shop_name, shop_desc, shop_addr, phone, shop_img, priority, create_time, last_edit_time, enable_status, advice) VALUES (?,?,?,?, ?,?,?,?,?, ?,?, ?,?) 
2020-06-03 15:44:02.911 [main] DEBUG com.wwb.o2o.dao.ShopDao.insertShop - ==> Parameters: 11(Long), 2(Integer), 36(Long), 测试的店铺1(String), test1(String), test1(String), test1(String), null, null, 2020-06-03 15:44:02.832(Timestamp), 2020-06-03 15:44:02.832(Timestamp), 0(Integer), 审核中(String)
2020-06-03 15:44:03.021 [main] DEBUG com.wwb.o2o.dao.ShopDao.insertShop - <==    Updates: 1
2020-06-03 15:46:50.336 [main] DEBUG com.wwb.o2o.dao.ShopDao.insertShop - ==>  Preparing: INSERT INTO tb_shop(owner_id, area_id, shop_category_id, shop_name, shop_desc, shop_addr, phone, shop_img, priority, create_time, last_edit_time, enable_status, advice) VALUES (?,?,?,?, ?,?,?,?,?, ?,?, ?,?) 
2020-06-03 15:46:50.378 [main] DEBUG com.wwb.o2o.dao.ShopDao.insertShop - ==> Parameters: 11(Long), 2(Integer), 36(Long), 测试的店铺1(String), test1(String), test1(String), test1(String), null, null, 2020-06-03 15:46:50.294(Timestamp), 2020-06-03 15:46:50.294(Timestamp), 0(Integer), 审核中(String)
2020-06-03 15:46:50.403 [main] DEBUG com.wwb.o2o.dao.ShopDao.insertShop - <==    Updates: 1
2020-06-03 15:47:00.828 [main] DEBUG com.wwb.o2o.dao.ShopDao.insertShop - ==>  Preparing: INSERT INTO tb_shop(owner_id, area_id, shop_category_id, shop_name, shop_desc, shop_addr, phone, shop_img, priority, create_time, last_edit_time, enable_status, advice) VALUES (?,?,?,?, ?,?,?,?,?, ?,?, ?,?) 
2020-06-03 15:47:00.883 [main] DEBUG com.wwb.o2o.dao.ShopDao.insertShop - ==> Parameters: 11(Long), 2(Integer), 36(Long), 测试的店铺1(String), test1(String), test1(String), test1(String), null, null, 2020-06-03 15:47:00.77(Timestamp), 2020-06-03 15:47:00.77(Timestamp), 0(Integer), 审核中(String)
2020-06-03 15:47:00.888 [main] DEBUG com.wwb.o2o.dao.ShopDao.insertShop - <==    Updates: 1
2020-06-03 15:49:29.175 [main] DEBUG com.wwb.o2o.dao.ShopDao.insertShop - ==>  Preparing: INSERT INTO tb_shop(owner_id, area_id, shop_category_id, shop_name, shop_desc, shop_addr, phone, shop_img, priority, create_time, last_edit_time, enable_status, advice) VALUES (?,?,?,?, ?,?,?,?,?, ?,?, ?,?) 
2020-06-03 15:49:29.231 [main] DEBUG com.wwb.o2o.dao.ShopDao.insertShop - ==> Parameters: 11(Long), 2(Integer), 36(Long), 测试的店铺1(String), test1(String), test1(String), test1(String), null, null, 2020-06-03 15:49:29.138(Timestamp), 2020-06-03 15:49:29.138(Timestamp), 0(Integer), 审核中(String)
2020-06-03 15:49:29.271 [main] DEBUG com.wwb.o2o.dao.ShopDao.insertShop - <==    Updates: 1
2020-06-03 15:53:29.835 [main] DEBUG com.wwb.o2o.dao.ShopDao.insertShop - ==>  Preparing: INSERT INTO tb_shop(owner_id, area_id, shop_category_id, shop_name, shop_desc, shop_addr, phone, shop_img, priority, create_time, last_edit_time, enable_status, advice) VALUES (?,?,?,?, ?,?,?,?,?, ?,?, ?,?) 
2020-06-03 15:53:29.887 [main] DEBUG com.wwb.o2o.dao.ShopDao.insertShop - ==> Parameters: 11(Long), 2(Integer), 36(Long), 测试的店铺1(String), test1(String), test1(String), test1(String), null, null, 2020-06-03 15:53:29.8(Timestamp), 2020-06-03 15:53:29.8(Timestamp), 0(Integer), 审核中(String)
2020-06-03 15:53:29.993 [main] DEBUG com.wwb.o2o.dao.ShopDao.insertShop - <==    Updates: 1
2020-06-03 15:53:30.013 [main] DEBUG com.wwb.o2o.util.ImageUtil - current relativeAddr is :\upload\item\shop\62\2020060315533025336.jpg
2020-06-03 15:53:30.013 [main] DEBUG com.wwb.o2o.util.ImageUtil - current complete addr is :\myproject\校园商铺\images\upload\item\shop\62\2020060315533025336.jpg
2020-06-03 15:53:30.013 [main] DEBUG com.wwb.o2o.util.ImageUtil - basePath is :/D:/myproject/校园商铺/o2o/target/test-classes/
2020-06-03 15:53:31.679 [main] DEBUG com.wwb.o2o.dao.ShopDao.updateShop - ==>  Preparing: update tb_shop SET shop_name=?, shop_desc=?, shop_addr=?, phone=?, shop_img=?, last_edit_time=?, enable_status=?, advice=?, area_id=?, shop_category_id=? where shop_id=? 
2020-06-03 15:53:31.680 [main] DEBUG com.wwb.o2o.dao.ShopDao.updateShop - ==> Parameters: 测试的店铺1(String), test1(String), test1(String), test1(String), \upload\item\shop\62\2020060315533025336.jpg(String), 2020-06-03 15:53:29.8(Timestamp), 0(Integer), 审核中(String), 2(Integer), 36(Long), 62(Long)
2020-06-03 15:53:31.743 [main] DEBUG com.wwb.o2o.dao.ShopDao.updateShop - <==    Updates: 1
